\BOOKMARK [0][-]{chapter.1}{\376\377\000R\000e\000a\000l\000-\000T\000i\000m\000e\000\040\000M\000a\000x\000i\000m\000u\000m\000\040\000I\000n\000t\000e\000n\000s\000i\000t\000y\000\040\000P\000r\000o\000j\000e\000c\000t\000i\000o\000n\000\040\000R\000e\000n\000d\000e\000r\000i\000n\000g\000\040\000f\000o\000r\000\040\0003\000-\000D\000\040\000F\000l\000u\000o\000r\000e\000s\000c\000e\000n\000c\000e\000\040\000M\000i\000c\000r\000o\000s\000c\000o\000p\000y\000\040\000v\000i\000a\000\040\000D\000i\000f\000f\000e\000r\000e\000n\000t\000i\000a\000b\000l\000e\000\040\000G\000a\000u\000s\000s\000i\000a\000n\000\040\000S\000p\000l\000a\000t\000t\000i\000n\000g}{}% 1
\BOOKMARK [1][-]{section*.1}{\376\377\000C\000h\000a\000p\000t\000e\000r\000\040\000O\000v\000e\000r\000v\000i\000e\000w}{chapter.1}% 2
\BOOKMARK [1][-]{section.1.1}{\376\377\000I\000n\000t\000r\000o\000d\000u\000c\000t\000i\000o\000n}{chapter.1}% 3
\BOOKMARK [2][-]{subsection.1.1.1}{\376\377\000M\000o\000t\000i\000v\000a\000t\000i\000o\000n\000\040\000a\000n\000d\000\040\000P\000r\000o\000b\000l\000e\000m\000\040\000S\000t\000a\000t\000e\000m\000e\000n\000t}{section.1.1}% 4
\BOOKMARK [2][-]{subsection.1.1.2}{\376\377\000T\000h\000e\000\040\000G\000a\000u\000s\000s\000i\000a\000n\000\040\000S\000p\000l\000a\000t\000t\000i\000n\000g\000\040\000P\000a\000r\000a\000d\000i\000g\000m}{section.1.1}% 5
\BOOKMARK [2][-]{subsection.1.1.3}{\376\377\000R\000e\000l\000a\000t\000i\000o\000n\000s\000h\000i\000p\000\040\000t\000o\000\040\000P\000r\000i\000o\000r\000\040\000C\000h\000a\000p\000t\000e\000r\000s}{section.1.1}% 6
\BOOKMARK [2][-]{subsection.1.1.4}{\376\377\000C\000h\000a\000p\000t\000e\000r\000\040\000O\000r\000g\000a\000n\000i\000z\000a\000t\000i\000o\000n}{section.1.1}% 7
\BOOKMARK [1][-]{section.1.2}{\376\377\000M\000a\000t\000h\000e\000m\000a\000t\000i\000c\000a\000l\000\040\000F\000o\000r\000m\000u\000l\000a\000t\000i\000o\000n}{chapter.1}% 8
\BOOKMARK [2][-]{subsection.1.2.1}{\376\377\000G\000a\000u\000s\000s\000i\000a\000n\000\040\000M\000i\000x\000t\000u\000r\000e\000\040\000F\000i\000e\000l\000d\000\040\000R\000e\000p\000r\000e\000s\000e\000n\000t\000a\000t\000i\000o\000n}{section.1.2}% 9
\BOOKMARK [2][-]{subsection.1.2.2}{\376\377\000M\000I\000P\000\040\000S\000p\000l\000a\000t\000t\000i\000n\000g\000:\000\040\000R\000e\000n\000d\000e\000r\000i\000n\000g\000\040\000P\000i\000p\000e\000l\000i\000n\000e}{section.1.2}% 10
\BOOKMARK [1][-]{section.1.3}{\376\377\000I\000m\000p\000l\000e\000m\000e\000n\000t\000a\000t\000i\000o\000n\000\040\000D\000e\000t\000a\000i\000l\000s}{chapter.1}% 11
\BOOKMARK [2][-]{subsection.1.3.1}{\376\377\000V\000o\000l\000u\000m\000e\000\040\000P\000r\000e\000p\000r\000o\000c\000e\000s\000s\000i\000n\000g}{section.1.3}% 12
\BOOKMARK [2][-]{subsection.1.3.2}{\376\377\000C\000o\000n\000f\000i\000g\000u\000r\000a\000t\000i\000o\000n\000\040\000P\000a\000r\000a\000m\000e\000t\000e\000r\000s}{section.1.3}% 13
\BOOKMARK [1][-]{section.1.4}{\376\377\000S\000t\000a\000g\000e\000\040\0001\000:\000\040\000G\000r\000o\000u\000n\000d\000-\000T\000r\000u\000t\000h\000\040\000M\000I\000P\000\040\000G\000e\000n\000e\000r\000a\000t\000i\000o\000n}{chapter.1}% 14
\BOOKMARK [2][-]{subsection.1.4.1}{\376\377\000M\000u\000l\000t\000i\000-\000V\000i\000e\000w\000\040\000C\000a\000m\000e\000r\000a\000\040\000P\000o\000s\000e\000\040\000G\000e\000n\000e\000r\000a\000t\000i\000o\000n}{section.1.4}% 15
\BOOKMARK [2][-]{subsection.1.4.2}{\376\377\000V\000o\000l\000u\000m\000e\000t\000r\000i\000c\000\040\000R\000a\000y\000\040\000M\000a\000r\000c\000h\000i\000n\000g}{section.1.4}% 16
\BOOKMARK [1][-]{section.1.5}{\376\377\000S\000t\000a\000g\000e\000\040\0002\000:\000\040\000G\000a\000u\000s\000s\000i\000a\000n\000\040\000M\000i\000x\000t\000u\000r\000e\000\040\000F\000i\000e\000l\000d\000\040\000I\000n\000i\000t\000i\000a\000l\000i\000s\000a\000t\000i\000o\000n}{chapter.1}% 17
\BOOKMARK [2][-]{subsection.1.5.1}{\376\377\0003\000-\000D\000\040\000V\000o\000l\000u\000m\000e\000t\000r\000i\000c\000\040\000F\000i\000t\000t\000i\000n\000g}{section.1.5}% 18
\BOOKMARK [2][-]{subsection.1.5.2}{\376\377\000I\000n\000i\000t\000i\000a\000l\000i\000s\000a\000t\000i\000o\000n\000\040\000S\000t\000a\000t\000i\000s\000t\000i\000c\000s}{section.1.5}% 19
\BOOKMARK [1][-]{section.1.6}{\376\377\000S\000t\000a\000g\000e\000\040\0003\000:\000\040\000M\000I\000P\000\040\000S\000p\000l\000a\000t\000t\000i\000n\000g\000\040\000T\000r\000a\000i\000n\000i\000n\000g}{chapter.1}% 20
\BOOKMARK [2][-]{subsection.1.6.1}{\376\377\000T\000r\000a\000i\000n\000i\000n\000g\000\040\000O\000b\000j\000e\000c\000t\000i\000v\000e}{section.1.6}% 21
\BOOKMARK [2][-]{subsection.1.6.2}{\376\377\000A\000d\000a\000p\000t\000i\000v\000e\000\040\000D\000e\000n\000s\000i\000t\000y\000\040\000C\000o\000n\000t\000r\000o\000l}{section.1.6}% 22
\BOOKMARK [2][-]{subsection.1.6.3}{\376\377\000O\000p\000t\000i\000m\000i\000z\000a\000t\000i\000o\000n\000\040\000S\000c\000h\000e\000d\000u\000l\000e}{section.1.6}% 23
\BOOKMARK [1][-]{section.1.7}{\376\377\000A\000b\000l\000a\000t\000i\000o\000n\000\040\000S\000t\000u\000d\000y\000:\000\040\000L\000o\000s\000s\000\040\000F\000u\000n\000c\000t\000i\000o\000n\000\040\000C\000o\000m\000p\000o\000n\000e\000n\000t\000s}{chapter.1}% 24
\BOOKMARK [2][-]{subsection.1.7.1}{\376\377\000Q\000u\000a\000n\000t\000i\000t\000a\000t\000i\000v\000e\000\040\000R\000e\000s\000u\000l\000t\000s}{section.1.7}% 25
\BOOKMARK [2][-]{subsection.1.7.2}{\376\377\000S\000t\000a\000t\000i\000s\000t\000i\000c\000a\000l\000\040\000S\000i\000g\000n\000i\000f\000i\000c\000a\000n\000c\000e}{section.1.7}% 26
\BOOKMARK [2][-]{subsection.1.7.3}{\376\377\000A\000b\000l\000a\000t\000i\000o\000n\000\040\000V\000i\000s\000u\000a\000l\000i\000z\000a\000t\000i\000o\000n\000s}{section.1.7}% 27
\BOOKMARK [1][-]{section.1.8}{\376\377\000E\000x\000p\000e\000r\000i\000m\000e\000n\000t\000a\000l\000\040\000E\000v\000a\000l\000u\000a\000t\000i\000o\000n}{chapter.1}% 28
\BOOKMARK [2][-]{subsection.1.8.1}{\376\377\000E\000x\000p\000e\000r\000i\000m\000e\000n\000t\000\040\0001\000:\000\040\000R\000e\000n\000d\000e\000r\000i\000n\000g\000\040\000P\000e\000r\000f\000o\000r\000m\000a\000n\000c\000e\000\040\000B\000e\000n\000c\000h\000m\000a\000r\000k}{section.1.8}% 29
\BOOKMARK [2][-]{subsection.1.8.2}{\376\377\000E\000x\000p\000e\000r\000i\000m\000e\000n\000t\000\040\0002\000:\000\040\000V\000i\000s\000u\000a\000l\000\040\000Q\000u\000a\000l\000i\000t\000y\000\040\000A\000s\000s\000e\000s\000s\000m\000e\000n\000t}{section.1.8}% 30
\BOOKMARK [2][-]{subsection.1.8.3}{\376\377\000E\000x\000p\000e\000r\000i\000m\000e\000n\000t\000\040\0003\000:\000\040\000S\000c\000a\000l\000a\000b\000i\000l\000i\000t\000y\000\040\000A\000n\000a\000l\000y\000s\000i\000s}{section.1.8}% 31
\BOOKMARK [2][-]{subsection.1.8.4}{\376\377\000E\000x\000p\000e\000r\000i\000m\000e\000n\000t\000\040\0004\000:\000\040\000M\000u\000l\000t\000i\000-\000V\000i\000e\000w\000\040\000O\000r\000b\000i\000t\000\040\000R\000e\000n\000d\000e\000r\000i\000n\000g}{section.1.8}% 32
\BOOKMARK [2][-]{subsection.1.8.5}{\376\377\000E\000x\000p\000e\000r\000i\000m\000e\000n\000t\000\040\0005\000:\000\040\000S\000o\000f\000t\000-\000M\000I\000P\000\040\000C\000o\000n\000v\000e\000r\000g\000e\000n\000c\000e\000\040\000A\000n\000a\000l\000y\000s\000i\000s}{section.1.8}% 33
\BOOKMARK [2][-]{subsection.1.8.6}{\376\377\000E\000x\000p\000e\000r\000i\000m\000e\000n\000t\000\040\0006\000:\000\040\000M\000e\000m\000o\000r\000y\000\040\000E\000f\000f\000i\000c\000i\000e\000n\000c\000y}{section.1.8}% 34
\BOOKMARK [1][-]{section.1.9}{\376\377\000I\000m\000p\000l\000e\000m\000e\000n\000t\000a\000t\000i\000o\000n\000\040\000A\000r\000c\000h\000i\000t\000e\000c\000t\000u\000r\000e}{chapter.1}% 35
\BOOKMARK [2][-]{subsection.1.9.1}{\376\377\000S\000o\000f\000t\000w\000a\000r\000e\000\040\000S\000t\000a\000c\000k}{section.1.9}% 36
\BOOKMARK [2][-]{subsection.1.9.2}{\376\377\000C\000U\000D\000A\000\040\000K\000e\000r\000n\000e\000l\000:\000\040\000O\000n\000l\000i\000n\000e\000\040\000S\000o\000f\000t\000-\000M\000a\000x\000\040\000S\000p\000l\000a\000t\000t\000i\000n\000g}{section.1.9}% 37
\BOOKMARK [1][-]{section.1.10}{\376\377\000D\000i\000s\000c\000u\000s\000s\000i\000o\000n}{chapter.1}% 38
\BOOKMARK [2][-]{subsection.1.10.1}{\376\377\000S\000u\000m\000m\000a\000r\000y\000\040\000o\000f\000\040\000R\000e\000s\000u\000l\000t\000s}{section.1.10}% 39
\BOOKMARK [2][-]{subsection.1.10.2}{\376\377\000C\000o\000m\000p\000a\000r\000i\000s\000o\000n\000\040\000w\000i\000t\000h\000\040\000I\000N\000R\000-\000B\000a\000s\000e\000d\000\040\000A\000p\000p\000r\000o\000a\000c\000h\000e\000s}{section.1.10}% 40
\BOOKMARK [2][-]{subsection.1.10.3}{\376\377\000L\000i\000m\000i\000t\000a\000t\000i\000o\000n\000s}{section.1.10}% 41
\BOOKMARK [2][-]{subsection.1.10.4}{\376\377\000F\000u\000t\000u\000r\000e\000\040\000D\000i\000r\000e\000c\000t\000i\000o\000n\000s}{section.1.10}% 42
\BOOKMARK [1][-]{section.1.11}{\376\377\000C\000o\000n\000c\000l\000u\000s\000i\000o\000n}{chapter.1}% 43
\BOOKMARK [1][-]{section*.43}{\376\377\000A\000c\000k\000n\000o\000w\000l\000e\000d\000g\000e\000m\000e\000n\000t\000s}{chapter.1}% 44
